<?xml version="1.0" encoding="UTF-8"?>
<testng-results skipped="0" failed="0" ignored="0" total="1" passed="1">
  <reporter-output>
  </reporter-output>
  <suite name="Default suite" duration-ms="21253" started-at="2019-01-29T03:21:14Z" finished-at="2019-01-29T03:21:36Z">
    <groups>
    </groups>
    <test name="Default test" duration-ms="21253" started-at="2019-01-29T03:21:14Z" finished-at="2019-01-29T03:21:36Z">
      <class name="com.qa.hubspot.tests.ContactsPageTest">
        <test-method status="PASS" signature="setUp()[pri:0, instance:com.qa.hubspot.tests.ContactsPageTest@224edc67]" name="setUp" is-config="true" duration-ms="14945" started-at="2019-01-29T03:21:15Z" finished-at="2019-01-29T03:21:29Z">
          <reporter-output>
          </reporter-output>
        </test-method> <!-- setUp -->
        <test-method status="PASS" signature="createContactsTest()[pri:0, instance:com.qa.hubspot.tests.ContactsPageTest@224edc67]" name="createContactsTest" duration-ms="6162" started-at="2019-01-29T03:21:29Z" finished-at="2019-01-29T03:21:36Z">
          <reporter-output>
          </reporter-output>
        </test-method> <!-- createContactsTest -->
        <test-method status="PASS" signature="tearDown()[pri:0, instance:com.qa.hubspot.tests.ContactsPageTest@224edc67]" name="tearDown" is-config="true" duration-ms="113" started-at="2019-01-29T03:21:36Z" finished-at="2019-01-29T03:21:36Z">
          <reporter-output>
          </reporter-output>
        </test-method> <!-- tearDown -->
      </class> <!-- com.qa.hubspot.tests.ContactsPageTest -->
    </test> <!-- Default test -->
  </suite> <!-- Default suite -->
</testng-results>
