<?xml version="1.0" encoding="UTF-8"?>
<!-- Generated by org.testng.reporters.JUnitXMLReporter -->
<testsuite hostname="Naveen-Mac.local" ignored="0" name="hub spot regression Test" tests="7" failures="1" timestamp="12 Feb 2019 16:07:50 GMT" time="45.491" errors="0">
  <testcase name="login_IncorrectData" time="1.362" classname="com.qa.hubspot.tests.LoginTest">
    <failure type="java.lang.AssertionError" message="expected [true] but found [false]">
      <![CDATA[java.lang.AssertionError: expected [true] but found [false]
at com.qa.hubspot.tests.LoginTest.login_IncorrectData(LoginTest.java:54)
at java.util.concurrent.ThreadPoolExecutor.runWorker(ThreadPoolExecutor.java:1149)
at java.util.concurrent.ThreadPoolExecutor$Worker.run(ThreadPoolExecutor.java:624)
at java.lang.Thread.run(Thread.java:748)
... Removed 14 stack frames]]>
    </failure>
  </testcase> <!-- login_IncorrectData -->
  <testcase name="verifyHomePageTitleTest" time="4.596" classname="com.qa.hubspot.tests.HomePageTest"/>
  <testcase name="verifyHomePageHeaderTest" time="10.351" classname="com.qa.hubspot.tests.HomePageTest"/>
  <testcase name="createContactsTest" time="8.434" classname="com.qa.hubspot.tests.ContactsPageTest"/>
  <testcase name="loginPageTitleTest" time="0.005" classname="com.qa.hubspot.tests.LoginTest"/>
  <testcase name="forgotPwdLinkTest" time="0.025" classname="com.qa.hubspot.tests.LoginTest"/>
  <testcase name="login_CorrectData_Test" time="0.379" classname="com.qa.hubspot.tests.LoginTest"/>
</testsuite> <!-- hub spot regression Test -->
